<?xml version="1.0" encoding="UTF-8"?>
<!-- Generated by org.testng.reporters.JUnitReportReporter -->
<testsuite hostname="DESKTOP-TUMQ4HO" failures="0" tests="1" name="Programs.unique" time="0.017" errors="0" timestamp="2022-05-06T10:59:34 IST" skipped="0">
  <testcase classname="Programs.unique" name="method" time="0.017"/>
  <system-out/>
</testsuite> <!-- Programs.unique -->
